[2025-11-08 23:42:50] [info] Starting court scraper...
[2025-11-08 23:42:50] [info] Found 100 inmates to search
[2025-11-08 23:42:50] [info] Searching cases for: CARIAS, VICTOR
[2025-11-08 23:42:52] [info] Searching cases for: MEADOWS, ALICIA WANETTA
[2025-11-08 23:42:54] [info] Searching cases for: GATTISON, DERICK LAMONT
[2025-11-08 23:42:58] [info] Searching cases for: SMITH, GERALD LEWIS
[2025-11-08 23:43:03] [info] Searching cases for: BAH, MAMADOU SOUAUBOU
[2025-11-08 23:43:07] [info] Searching cases for: COLLINS, TIMOTHY L
[2025-11-08 23:43:10] [info] Searching cases for: COLLINS, TIMOTHY L
[2025-11-08 23:43:13] [info] Searching cases for: DUNN, DARIA CHASTYLLE
[2025-11-08 23:43:17] [info] Searching cases for: ROBERSON, RONALD WAYNE
[2025-11-08 23:43:20] [info] Searching cases for: BROADWATER, KENDRY DENISE
[2025-11-08 23:43:23] [info] Searching cases for: BROADWATER, KENDRY DENISE
[2025-11-08 23:43:27] [info] Searching cases for: BROADWATER, KENDRY DENISE
[2025-11-08 23:43:31] [info] Searching cases for: HUNTER, GANERRIO DONTREL
[2025-11-08 23:43:35] [info] Searching cases for: HUNTER, GANERRIO DONTREL
[2025-11-08 23:43:37] [info] Searching cases for: HUNTER, GANERRIO DONTREL
[2025-11-08 23:43:42] [info] Searching cases for: HUNTER, GANERRIO DONTREL
[2025-11-08 23:43:44] [info] Searching cases for: HUNTER, GANERRIO DONTREL
[2025-11-08 23:43:48] [info] Searching cases for: HUNTER, GANERRIO DONTREL
[2025-11-08 23:43:53] [info] Searching cases for: HUNTER, GANERRIO DONTREL
[2025-11-08 23:43:57] [info] Searching cases for: HUNTER, GANERRIO DONTREL
[2025-11-08 23:44:02] [info] Searching cases for: HUNTER, GANERRIO DONTREL
[2025-11-08 23:44:07] [info] Searching cases for: WALTERS, KIARA ALEXIS
[2025-11-08 23:44:10] [info] Searching cases for: WALTERS, KIARA ALEXIS
[2025-11-08 23:44:12] [info] Searching cases for: VASQUEZ, MATIAS URIEL
[2025-11-08 23:44:15] [info] Searching cases for: TUCKER, TAMIA LA FRANCE
[2025-11-08 23:44:17] [info] Searching cases for: GOODRIDGE, JUDAH ABRAHAM
[2025-11-08 23:44:20] [info] Searching cases for: GOODRIDGE, JUDAH ABRAHAM
[2025-11-08 23:44:25] [info] Searching cases for: GOODRIDGE, JUDAH ABRAHAM
[2025-11-08 23:44:30] [info] Searching cases for: SMITH, MICHAEL OSIRIS
[2025-11-08 23:44:35] [info] Searching cases for: CANNON, JOSHUA ADRAIN
[2025-11-08 23:44:40] [info] Searching cases for: FRANKLIN, ANGELA LASHAWN
[2025-11-08 23:44:43] [info] Searching cases for: ARNOLD, JAYLON D
[2025-11-08 23:44:45] [info] Searching cases for: DAY, DEMARI CANELIUS
[2025-11-08 23:44:50] [info] Searching cases for: BAKER, BRANDON JEROD
[2025-11-08 23:44:55] [info] Searching cases for: JOHNSON, CHINELLA N
[2025-11-08 23:45:00] [info] Searching cases for: WILSON, CRAIG M
[2025-11-08 23:45:02] [info] Searching cases for: PHAN, PHUC HUU
[2025-11-08 23:45:06] [info] Searching cases for: PHAN, PHUC HUU
[2025-11-08 23:45:10] [info] Searching cases for: ZACHERY, CARLOS KOVACK
[2025-11-08 23:45:15] [info] Searching cases for: MARTIN, DARRYLL JAMAR
[2025-11-08 23:45:20] [info] Searching cases for: MARTIN, DARRYLL JAMAR
[2025-11-08 23:45:22] [info] Searching cases for: PACK, ELIZABETH
[2025-11-08 23:45:24] [info] Searching cases for: PACK, ELIZABETH
[2025-11-08 23:45:28] [info] Searching cases for: PACK, ELIZABETH
[2025-11-08 23:45:33] [info] Searching cases for: HENDERSON, AHMAD JAMAL D
[2025-11-08 23:45:36] [info] Searching cases for: HENDERSON, AHMAD JAMAL D
[2025-11-08 23:45:38] [info] Searching cases for: HENDERSON, AHMAD JAMAL D
[2025-11-08 23:45:43] [info] Searching cases for: HENDERSON, AHMAD JAMAL D
[2025-11-08 23:45:46] [info] Searching cases for: MAPP, HAROLD EUGENE
[2025-11-08 23:45:49] [info] Searching cases for: MAPP, HAROLD EUGENE
[2025-11-08 23:45:51] [info] Searching cases for: MAPP, HAROLD EUGENE
[2025-11-08 23:45:55] [info] Searching cases for: MAPP, HAROLD EUGENE
[2025-11-08 23:45:57] [info] Searching cases for: ELLIS, DAMARCO DASHAUN
[2025-11-08 23:46:01] [info] Searching cases for: CARRILLO, MARIO CHAVEZ
[2025-11-08 23:46:04] [info] Searching cases for: CARRILLO, MARIO CHAVEZ
[2025-11-08 23:46:06] [info] Searching cases for: DOUGLASS, JEREMY COLLIER
[2025-11-08 23:46:11] [info] Searching cases for: HIBLER, ANN MARIE
[2025-11-08 23:46:13] [info] Searching cases for: KASHIMILLA, SURESH
[2025-11-08 23:46:15] [info] Searching cases for: KASHIMILLA, SURESH
[2025-11-08 23:46:20] [info] Searching cases for: WARD, COURTNEY NICOLE
[2025-11-08 23:46:23] [info] Searching cases for: WARD, COURTNEY NICOLE
[2025-11-08 23:46:25] [info] Searching cases for: MILNER, JUANE EMMANUEL
[2025-11-08 23:46:29] [info] Searching cases for: MACK, TATYANNA ESSENCE CYNTHIA
[2025-11-08 23:46:33] [info] Searching cases for: LEWIS, MALIK BERNARD
[2025-11-08 23:46:38] [info] Searching cases for: LEWIS, MALIK BERNARD
[2025-11-08 23:46:40] [info] Searching cases for: GANTT, DUSTIN DRAKE
[2025-11-08 23:46:43] [info] Searching cases for: CLEMENTS, SHELBY LYNN
[2025-11-08 23:46:45] [info] Searching cases for: JORDAN, TREMAYNE MARCUS
[2025-11-08 23:46:50] [info] Searching cases for: JORDAN, TREMAYNE MARCUS
[2025-11-08 23:46:55] [info] Searching cases for: ELLIS, KIMBERLY NICOLE
[2025-11-08 23:46:57] [info] Searching cases for: ELLIS, KIMBERLY NICOLE
[2025-11-08 23:47:02] [info] Searching cases for: MAGANA, GONZALES ALEX OMAR
[2025-11-08 23:47:05] [info] Searching cases for: IONEL, VEACESLAV
[2025-11-08 23:47:09] [info] Searching cases for: FOWLER, WILLIAM MARCUM
[2025-11-08 23:47:12] [info] Searching cases for: WILLIAMS, JASMINE SIERRA
[2025-11-08 23:47:17] [info] Searching cases for: WILLIAMS, JASMINE SIERRA
[2025-11-08 23:47:19] [info] Searching cases for: WALKER, HENSLEY TRUTH LA DEVIN
[2025-11-08 23:47:24] [info] Searching cases for: ROLLE, MARCUS DRAYTON
[2025-11-08 23:47:27] [info] Searching cases for: ROLLE, MARCUS DRAYTON
[2025-11-08 23:47:31] [info] Searching cases for: JONES, JAMES EUGENE III
[2025-11-08 23:47:34] [info] Searching cases for: COLEMAN, DARONTE JAVORIS
[2025-11-08 23:47:38] [info] Searching cases for: COLEMAN, DARONTE JAVORIS
[2025-11-08 23:47:40] [info] Searching cases for: COLEMAN, DARONTE JAVORIS
[2025-11-08 23:47:42] [info] Searching cases for: COLEMAN, DARONTE JAVORIS
[2025-11-08 23:47:45] [info] Searching cases for: COLEMAN, DARONTE JAVORIS
[2025-11-08 23:47:49] [info] Searching cases for: COLEMAN, DARONTE JAVORIS
[2025-11-08 23:47:51] [info] Searching cases for: COLEMAN, DARONTE JAVORIS
[2025-11-08 23:47:55] [info] Searching cases for: COLEMAN, DARONTE JAVORIS
[2025-11-08 23:48:00] [info] Searching cases for: PERKINS, BERNARD ANTIONE
[2025-11-08 23:48:03] [info] Searching cases for: TANNER, CHRISTOPHER BLAKE
[2025-11-08 23:48:05] [info] Searching cases for: TANNER, CHRISTOPHER BLAKE
[2025-11-08 23:48:09] [info] Searching cases for: TANNER, CHRISTOPHER BLAKE
[2025-11-08 23:48:14] [info] Searching cases for: MOORE, LAMEEK SHONDELL
[2025-11-08 23:48:16] [info] Searching cases for: DESIR, VLADIMIR
[2025-11-08 23:48:20] [info] Searching cases for: FREEMAN, GARY WAYNE JR
[2025-11-08 23:48:24] [info] Searching cases for: PRINGLE, NATASHA
[2025-11-08 23:48:28] [info] Searching cases for: TURNER, DWAYNE LARSELL
[2025-11-08 23:48:33] [info] Searching cases for: JONES, JUSTIN
[2025-11-08 23:48:36] [info] Searching cases for: JONES, JUSTIN
[2025-11-08 23:48:41] [info] Searching cases for: JONES, JUSTIN
[2025-11-08 23:48:46] [info] Searching for recent cases filed...
[2025-11-08 23:48:46] [error] Scraper error: SQLSTATE[HY000]: General error: 1 table court_scrape_logs has no column named cases_new
[2025-11-09 12:15:01] [info] Ad-hoc search for: McDaniel
[2025-11-09 12:15:19] [info] Ad-hoc search for: Michael McDaniel
[2025-11-09 15:03:47] [info] Starting court scraper...
[2025-11-09 15:03:47] [info] Found 2 inmates to search
[2025-11-09 15:03:47] [info] Searching cases for: 
[2025-11-09 15:03:49] [info] Searching cases for: 
[2025-11-09 15:03:53] [info] Searching for recent cases filed...
[2025-11-09 15:03:53] [error] Scraper error: SQLSTATE[HY000]: General error: 1 table court_scrape_logs has no column named cases_new
[2025-11-09 16:18:03] [info] Starting court scraper...
[2025-11-09 16:18:03] [info] Found 0 inmates to search
[2025-11-09 16:18:03] [info] Searching for recent cases filed...
