[2025-11-07 21:27:17] Continuous Court Scraper Started
[2025-11-07 21:27:17] Resuming from offset 0
[2025-11-07 21:27:17] Total inmates to process: 2987
[2025-11-07 21:27:17] Processing [0/2987]: 202519238
[2025-11-07 21:27:17]   Found 4 cases, saved 0
[2025-11-07 21:27:19] Processing [1/2987]: AARON HIRAM C
[2025-11-07 21:27:19]   Found 4 cases, saved 0
[2025-11-07 21:27:21] Processing [2/2987]: ACKER JAYSHUAN KAAIRE
[2025-11-07 21:27:21]   Found 4 cases, saved 0
[2025-11-07 21:27:23] Processing [3/2987]: ACKER JAYSHUAN KAAIRE
[2025-11-07 21:27:23]   Found 4 cases, saved 0
[2025-11-07 21:27:25] Processing [4/2987]: ACKER JAYSHUAN KAAIRE
[2025-11-07 21:27:25]   Found 4 cases, saved 0
[2025-11-07 21:27:27] Processing [5/2987]: ACKER JAYSHUAN KAAIRE
[2025-11-07 21:27:27]   Found 4 cases, saved 0
[2025-11-07 21:27:29] Processing [6/2987]: ACKER JAYSHUAN KAAIRE
[2025-11-07 21:27:29]   Found 4 cases, saved 0
[2025-11-07 21:27:31] Processing [7/2987]: ACKER JAYSHUAN KAAIRE
[2025-11-07 21:27:32]   Found 4 cases, saved 0
[2025-11-07 21:27:34] Processing [8/2987]: ACKER JAYSHUAN KAAIRE
[2025-11-07 21:27:34]   Found 4 cases, saved 0
[2025-11-07 21:27:36] Processing [9/2987]: ACON TERONE  JR
[2025-11-07 21:27:36]   Found 4 cases, saved 0
[2025-11-07 21:27:38] Progress saved: 10 inmates processed, 0 cases saved
[2025-11-07 21:27:38] Processing [10/2987]: ACON TERONE  JR
[2025-11-07 21:27:38]   Found 4 cases, saved 0
[2025-11-07 21:27:40] Processing [11/2987]: ACON TERONE  JR
[2025-11-07 21:27:40]   Found 4 cases, saved 0
[2025-11-07 21:27:42] Processing [12/2987]: ACON TERONE  JR
[2025-11-07 21:27:42]   Found 4 cases, saved 0
[2025-11-07 21:27:44] Processing [13/2987]: ACON TERONE  JR
[2025-11-07 21:27:44]   Found 4 cases, saved 0
[2025-11-07 21:27:46] Processing [14/2987]: ACON TERONE  JR
[2025-11-07 21:27:46]   Found 4 cases, saved 0
[2025-11-07 21:27:48] Processing [15/2987]: ACON TERONE  JR
[2025-11-07 21:27:48]   Found 4 cases, saved 0
[2025-11-07 21:27:50] Processing [16/2987]: ACON TERONE  JR
[2025-11-07 21:27:50]   Found 4 cases, saved 0
[2025-11-07 21:29:41] Continuous Court Scraper Started
[2025-11-07 21:29:41] Resuming from offset 10
[2025-11-07 21:29:41] Total inmates to process: 2987
[2025-11-07 21:29:41] Processing [10/2987]: ACON TERONE  JR
[2025-11-07 21:29:41]   Found 4 cases, saved 0
[2025-11-07 21:29:43] Processing [11/2987]: ACON TERONE  JR
[2025-11-07 21:29:44]   Found 4 cases, saved 0
[2025-11-07 21:29:46] Processing [12/2987]: ACON TERONE  JR
[2025-11-07 21:29:46]   Found 4 cases, saved 0
[2025-11-07 21:29:48] Processing [13/2987]: ACON TERONE  JR
[2025-11-07 21:29:48]   Found 4 cases, saved 0
[2025-11-07 21:29:50] Processing [14/2987]: ACON TERONE  JR
[2025-11-07 21:29:50]   Found 4 cases, saved 0
[2025-11-07 21:29:52] Processing [15/2987]: ACON TERONE  JR
[2025-11-07 21:29:52]   Found 4 cases, saved 0
[2025-11-07 21:29:54] Processing [16/2987]: ACON TERONE  JR
[2025-11-07 21:29:54]   Found 4 cases, saved 0
[2025-11-07 21:29:56] Processing [17/2987]: ACON TERONE  JR
[2025-11-07 21:29:56]   Found 4 cases, saved 0
[2025-11-07 21:29:58] Processing [18/2987]: ACON TERONE  JR
[2025-11-07 21:29:58]   Found 4 cases, saved 0
[2025-11-07 21:30:00] Processing [19/2987]: ADAMS CLIFTON JEROME
[2025-11-07 21:30:00]   Found 4 cases, saved 0
[2025-11-07 21:30:02] Progress saved: 20 inmates processed, 0 cases saved
[2025-11-07 21:30:02] Processing [20/2987]: ADAMS CLIFTON JEROME
[2025-11-07 21:30:02]   Found 4 cases, saved 0
[2025-11-07 21:30:04] Processing [21/2987]: ADAMS CLIFTON JEROME
[2025-11-07 21:30:04]   Found 4 cases, saved 0
[2025-11-07 21:30:06] Processing [22/2987]: ADAMS CLIFTON JEROME
[2025-11-07 21:30:06]   Found 4 cases, saved 0
[2025-11-07 21:30:08] Processing [23/2987]: ADAMS DOUGLAS BERNARD
[2025-11-07 21:30:09]   Found 4 cases, saved 0
[2025-11-07 21:30:11] Processing [24/2987]: ADAMS JAVIAN FIAL
[2025-11-07 21:30:11]   Found 4 cases, saved 0
[2025-11-07 21:30:13] Processing [25/2987]: ADAMS JUSTIN
[2025-11-07 21:30:13]   Found 4 cases, saved 0
[2025-11-07 21:30:15] Processing [26/2987]: ADAMS KEVIN CLAYTON
[2025-11-07 21:30:15]   Found 4 cases, saved 0
[2025-11-07 21:30:17] Processing [27/2987]: AGUIALAR MANUEL
[2025-11-07 21:30:17]   Found 4 cases, saved 0
[2025-11-07 21:30:19] Processing [28/2987]: AGUILAR VICTOR MANUEL
[2025-11-07 21:30:19]   Found 4 cases, saved 0
[2025-11-07 21:30:21] Processing [29/2987]: AGUILERA ZARAGOZA OSWALDO
[2025-11-07 21:30:21]   Found 4 cases, saved 0
[2025-11-07 21:30:23] Progress saved: 30 inmates processed, 0 cases saved
[2025-11-07 21:30:23] Processing [30/2987]: AKINBAMIDELE AKINYELE C
[2025-11-07 21:30:23]   Found 4 cases, saved 0
[2025-11-07 21:30:25] Processing [31/2987]: AKINBAMIDELE AKINYELE C
[2025-11-07 21:30:25]   Found 4 cases, saved 0
[2025-11-07 21:30:27] Processing [32/2987]: AKINBAMIDELE AKINYELE C
[2025-11-07 21:30:27]   Found 4 cases, saved 0
[2025-11-07 21:30:29] Processing [33/2987]: AKINBAMIDELE AKINYELE C
[2025-11-07 21:30:29]   Found 4 cases, saved 0
[2025-11-07 21:30:31] Processing [34/2987]: AKINBAMIDELE AKINYELE C
[2025-11-07 21:30:32]   Found 4 cases, saved 0
[2025-11-07 21:30:34] Processing [35/2987]: AKINBAMIDELE AKINYELE C
[2025-11-07 21:30:34]   Found 4 cases, saved 0
[2025-11-07 21:30:36] Processing [36/2987]: AKINBAMIDELE AKINYELE C
[2025-11-07 21:30:36]   Found 4 cases, saved 0
[2025-11-07 21:30:38] Processing [37/2987]: AKINBAMIDELE AKINYELE C
[2025-11-07 21:30:38]   Found 4 cases, saved 0
[2025-11-07 21:30:40] Processing [38/2987]: AKINBAMIDELE AKINYELE C
[2025-11-07 21:30:40]   Found 4 cases, saved 0
[2025-11-07 21:30:42] Processing [39/2987]: AKINBAMIDELE AKINYELE C
[2025-11-07 21:30:42]   Found 4 cases, saved 0
[2025-11-07 21:30:42] Progress saved: 40 inmates processed, 0 cases saved
[2025-11-07 21:30:44] Progress saved: 40 inmates processed, 0 cases saved
[2025-11-07 21:30:44] Processing [40/2987]: SOTO PEREZ CINDY J
[2025-11-07 21:30:44]   Found 4 cases, saved 0
[2025-11-07 21:30:46] Processing [41/2987]: JOHNSON RASHUNDA
[2025-11-07 21:30:46]   Found 4 cases, saved 0
[2025-11-07 21:30:48] Processing [42/2987]: SEWELL RONALD DANNE
[2025-11-07 21:30:48]   Found 4 cases, saved 0
[2025-11-07 21:30:50] Processing [43/2987]: BROWN LORRIE LYNN
[2025-11-07 21:30:50]   Found 4 cases, saved 0
[2025-11-07 21:30:52] Processing [44/2987]: BROWN LORRIE LYNN
[2025-11-07 21:30:52]   Found 4 cases, saved 0
[2025-11-07 21:30:54] Processing [45/2987]: OWENS MARVIN  JR
[2025-11-07 21:30:54]   Found 4 cases, saved 0
[2025-11-07 21:30:56] Processing [46/2987]: PARHAM TRISTON GREGORY
[2025-11-07 21:30:57]   Found 4 cases, saved 0
[2025-11-07 21:30:59] Processing [47/2987]: PARHAM TRISTON GREGORY
[2025-11-07 21:31:06]   Found 4 cases, saved 0
